\BOOKMARK [1][-]{section.1}{\376\377\000W\000s\000t\001\031\000p}{}% 1
\BOOKMARK [1][-]{section.2}{\376\377\000S\000t\000a\000n\000\040\000w\000i\000e\000d\000z\000y\000\040\000i\000\040\000r\000o\000z\000w\000i\001\005\000z\000a\000n\000i\000a\000\040\000p\000o\000k\000r\000e\000w\000n\000e}{}% 2
\BOOKMARK [1][-]{section.3}{\376\377\000W\000y\000m\000a\000g\000a\000n\000i\000a}{}% 3
\BOOKMARK [2][-]{subsection.3.1}{\376\377\000F\000u\000n\000k\000c\000j\000o\000n\000a\000l\000n\000e}{section.3}% 4
\BOOKMARK [2][-]{subsection.3.2}{\376\377\000N\000i\000e\000f\000u\000n\000k\000c\000j\000o\000n\000a\000l\000n\000e}{section.3}% 5
\BOOKMARK [1][-]{section.4}{\376\377\000P\000r\000o\000j\000e\000k\000t\000\040\000c\000z\001\031\001\133\000c\000i\000\040\000s\000p\000r\000z\001\031\000t\000o\000w\000e\000j}{}% 6
\BOOKMARK [2][-]{subsection.4.1}{\376\377\000Z\000e\000s\000t\000a\000w\000\040\000b\000a\000z\000o\000w\000y}{section.4}% 7
\BOOKMARK [2][-]{subsection.4.2}{\376\377\000T\000o\000r\000\040\000p\000o\000m\000i\000a\000r\000o\000w\000y\000\040\0000\040\023\0001\0000\000\040\000V}{section.4}% 8
\BOOKMARK [2][-]{subsection.4.3}{\376\377\000T\000o\000r\000\040\000w\000y\000j\001\133\000c\000i\000o\000w\000y\000\040\0000\040\023\0001\0000\000\040\000V}{section.4}% 9
\BOOKMARK [2][-]{subsection.4.4}{\376\377\000Z\000a\000s\000i\000l\000a\000n\000i\000e\000\040\000i\000\040\000s\000e\000p\000a\000r\000a\000c\000j\000a}{section.4}% 10
\BOOKMARK [2][-]{subsection.4.5}{\376\377\000P\000C\000B\000\040\000i\000\040\000t\000e\000s\000t\000y}{section.4}% 11
\BOOKMARK [1][-]{section.5}{\376\377\000O\000p\000r\000o\000g\000r\000a\000m\000o\000w\000a\000n\000i\000e\000\040\000\050\000Z\000e\000p\000h\000y\000r\000\040\000R\000T\000O\000S\000\051}{}% 12
\BOOKMARK [2][-]{subsection.5.1}{\376\377\000A\000r\000c\000h\000i\000t\000e\000k\000t\000u\000r\000a}{section.5}% 13
\BOOKMARK [2][-]{subsection.5.2}{\376\377\000S\000t\000e\000r\000o\000w\000n\000i\000k\000i}{section.5}% 14
\BOOKMARK [2][-]{subsection.5.3}{\376\377\000G\000U\000I}{section.5}% 15
\BOOKMARK [2][-]{subsection.5.4}{\376\377\000T\000e\000s\000t\000y}{section.5}% 16
\BOOKMARK [1][-]{section.6}{\376\377\000W\000a\000l\000i\000d\000a\000c\000j\000a}{}% 17
\BOOKMARK [2][-]{subsection.6.1}{\376\377\000M\000e\000t\000o\000d\000y\000k\000a}{section.6}% 18
\BOOKMARK [2][-]{subsection.6.2}{\376\377\000W\000y\000n\000i\000k\000i}{section.6}% 19
\BOOKMARK [2][-]{subsection.6.3}{\376\377\000D\000y\000s\000k\000u\000s\000j\000a}{section.6}% 20
